<?xml version="1.0" encoding="UTF-8"?>
<!-- Generated by org.testng.reporters.JUnitXMLReporter -->
<testsuite ignored="5" hostname="DESKTOP-OD9QNNJ" failures="0" tests="4" name="Sanity_tests" time="54.163" errors="0" timestamp="29 Oct 2023 07:30:33 GMT">
  <testcase classname="com.guru99bankV4_testCases.LoginSectionTests" name="ss1" time="21.596"/>
  <testcase classname="com.guru99bankV4_testCases.LoginSectionTests" name="ss2_ss3_ss4" time="0.966"/>
  <testcase classname="com.guru99bankV4_testCases.LoginSectionTests" name="ss2_ss3_ss4" time="0.933"/>
  <testcase classname="com.guru99bankV4_testCases.LoginSectionTests" name="ss2_ss3_ss4" time="1.067"/>
  <testcase classname="com.guru99bankV4_testCases.ChangePasswordAndLoginTests" name="sm2" time="0.0">
    <ignored/>
  </testcase> <!-- sm2 -->
  <testcase classname="com.guru99bankV4_testCases.ChangePasswordAndLoginTests" name="sm1" time="0.0">
    <ignored/>
  </testcase> <!-- sm1 -->
  <testcase classname="com.guru99bankV4_testCases.ChangePasswordAndLoginTests" name="sm3" time="0.0">
    <ignored/>
  </testcase> <!-- sm3 -->
  <testcase classname="com.guru99bankV4_testCases.AddNewCustomerAndAccountTests" name="sm5" time="0.0">
    <ignored/>
  </testcase> <!-- sm5 -->
  <testcase classname="com.guru99bankV4_testCases.AddNewCustomerAndAccountTests" name="sm4" time="0.0">
    <ignored/>
  </testcase> <!-- sm4 -->
</testsuite> <!-- Sanity_tests -->
